<?xml version="1.0" encoding="UTF-8"?>
<testng-results ignored="0" total="3" passed="2" failed="1" skipped="0">
  <reporter-output>
  </reporter-output>
  <suite started-at="2024-04-15T17:42:52 IST" name="Default suite" finished-at="2024-04-15T17:43:29 IST" duration-ms="37045">
    <groups>
    </groups>
    <test started-at="2024-04-15T17:42:52 IST" name="Default test" finished-at="2024-04-15T17:43:29 IST" duration-ms="37045">
      <class name="Flipkart.flipkart.Link_Retrival$FlipkartLinks">
        <test-method is-config="true" signature="initializingBrowser()[pri:0, instance:Flipkart.flipkart.Link_Retrival$FlipkartLinks@5d0bf09b]" started-at="2024-04-15T17:42:52 IST" name="initializingBrowser" finished-at="2024-04-15T17:43:13 IST" duration-ms="20841" status="PASS">
          <reporter-output>
          </reporter-output>
        </test-method> <!-- initializingBrowser -->
        <test-method signature="findingAllTheAvailableLinks()[pri:0, instance:Flipkart.flipkart.Link_Retrival$FlipkartLinks@5d0bf09b]" started-at="2024-04-15T17:43:13 IST" name="findingAllTheAvailableLinks" finished-at="2024-04-15T17:43:23 IST" duration-ms="10157" status="FAIL">
          <exception class="org.openqa.selenium.TimeoutException">
            <message>
              <![CDATA[Expected condition failed: waiting for visibility of all [[[ChromeDriver: chrome on windows (fc98eaa716dd89e18a080bc5a176adc3)] -> css selector: a], [[ChromeDriver: chrome on windows (fc98eaa716dd89e18a080bc5a176adc3)] -> css selector: a], [[ChromeDriver: chrome on windows (fc98eaa716dd89e18a080bc5a176adc3)] -> css selector: a], [[ChromeDriver: chrome on windows (fc98eaa716dd89e18a080bc5a176adc3)] -> css selector: a], [[ChromeDriver: chrome on windows (fc98eaa716dd89e18a080bc5a176adc3)] -> css selector: a], [[ChromeDriver: chrome on windows (fc98eaa716dd89e18a080bc5a176adc3)] -> css selector: a], [[ChromeDriver: chrome on windows (fc98eaa716dd89e18a080bc5a176adc3)] -> css selector: a], [[ChromeDriver: chrome on windows (fc98eaa716dd89e18a080bc5a176adc3)] -> css selector: a], [[ChromeDriver: chrome on windows (fc98eaa716dd89e18a080bc5a176adc3)] -> css selector: a], [[ChromeDriver: chrome on windows (fc98eaa716dd89e18a080bc5a176adc3)] -> css selector: a], [[ChromeDriver: chrome on windows (fc98eaa716dd89e18a080bc5a176adc3)] -> css selector: a], [[ChromeDriver: chrome on windows (fc98eaa716dd89e18a080bc5a176adc3)] -> css selector: a], [[ChromeDriver: chrome on windows (fc98eaa716dd89e18a080bc5a176adc3)] -> css selector: a], [[ChromeDriver: chrome on windows (fc98eaa716dd89e18a080bc5a176adc3)] -> css selector: a], [[ChromeDriver: chrome on windows (fc98eaa716dd89e18a080bc5a176adc3)] -> css selector: a], [[ChromeDriver: chrome on windows (fc98eaa716dd89e18a080bc5a176adc3)] -> css selector: a], [[ChromeDriver: chrome on windows (fc98eaa716dd89e18a080bc5a176adc3)] -> css selector: a], [[ChromeDriver: chrome on windows (fc98eaa716dd89e18a080bc5a176adc3)] -> css selector: a], [[ChromeDriver: chrome on windows (fc98eaa716dd89e18a080bc5a176adc3)] -> css selector: a], [[ChromeDriver: chrome on windows (fc98eaa716dd89e18a080bc5a176adc3)] -> css selector: a], [[ChromeDriver: chrome on windows (fc98eaa716dd89e18a080bc5a176adc3)] -> css selector: a], [[ChromeDriver: chrome on windows (fc98eaa716dd89e18a080bc5a176adc3)] -> css selector: a], [[ChromeDriver: chrome on windows (fc98eaa716dd89e18a080bc5a176adc3)] -> css selector: a], [[ChromeDriver: chrome on windows (fc98eaa716dd89e18a080bc5a176adc3)] -> css selector: a], [[ChromeDriver: chrome on windows (fc98eaa716dd89e18a080bc5a176adc3)] -> css selector: a], [[ChromeDriver: chrome on windows (fc98eaa716dd89e18a080bc5a176adc3)] -> css selector: a], [[ChromeDriver: chrome on windows (fc98eaa716dd89e18a080bc5a176adc3)] -> css selector: a], [[ChromeDriver: chrome on windows (fc98eaa716dd89e18a080bc5a176adc3)] -> css selector: a], [[ChromeDriver: chrome on windows (fc98eaa716dd89e18a080bc5a176adc3)] -> css selector: a], [[ChromeDriver: chrome on windows (fc98eaa716dd89e18a080bc5a176adc3)] -> css selector: a], [[ChromeDriver: chrome on windows (fc98eaa716dd89e18a080bc5a176adc3)] -> css selector: a], [[ChromeDriver: chrome on windows (fc98eaa716dd89e18a080bc5a176adc3)] -> css selector: a], [[ChromeDriver: chrome on windows (fc98eaa716dd89e18a080bc5a176adc3)] -> css selector: a], [[ChromeDriver: chrome on windows (fc98eaa716dd89e18a080bc5a176adc3)] -> css selector: a], [[ChromeDriver: chrome on windows (fc98eaa716dd89e18a080bc5a176adc3)] -> css selector: a], [[ChromeDriver: chrome on windows (fc98eaa716dd89e18a080bc5a176adc3)] -> css selector: a], [[ChromeDriver: chrome on windows (fc98eaa716dd89e18a080bc5a176adc3)] -> css selector: a], [[ChromeDriver: chrome on windows (fc98eaa716dd89e18a080bc5a176adc3)] -> css selector: a], [[ChromeDriver: chrome on windows (fc98eaa716dd89e18a080bc5a176adc3)] -> css selector: a], [[ChromeDriver: chrome on windows (fc98eaa716dd89e18a080bc5a176adc3)] -> css selector: a], [[ChromeDriver: chrome on windows (fc98eaa716dd89e18a080bc5a176adc3)] -> css selector: a], [[ChromeDriver: chrome on windows (fc98eaa716dd89e18a080bc5a176adc3)] -> css selector: a], [[ChromeDriver: chrome on windows (fc98eaa716dd89e18a080bc5a176adc3)] -> css selector: a], [[ChromeDriver: chrome on windows (fc98eaa716dd89e18a080bc5a176adc3)] -> css selector: a], [[ChromeDriver: chrome on windows (fc98eaa716dd89e18a080bc5a176adc3)] -> css selector: a], [[ChromeDriver: chrome on windows (fc98eaa716dd89e18a080bc5a176adc3)] -> css selector: a], [[ChromeDriver: chrome on windows (fc98eaa716dd89e18a080bc5a176adc3)] -> css selector: a], [[ChromeDriver: chrome on windows (fc98eaa716dd89e18a080bc5a176adc3)] -> css selector: a], [[ChromeDriver: chrome on windows (fc98eaa716dd89e18a080bc5a176adc3)] -> css selector: a], [[ChromeDriver: chrome on windows (fc98eaa716dd89e18a080bc5a176adc3)] -> css selector: a], [[ChromeDriver: chrome on windows (fc98eaa716dd89e18a080bc5a176adc3)] -> css selector: a], [[ChromeDriver: chrome on windows (fc98eaa716dd89e18a080bc5a176adc3)] -> css selector: a], [[ChromeDriver: chrome on windows (fc98eaa716dd89e18a080bc5a176adc3)] -> css selector: a], [[ChromeDriver: chrome on windows (fc98eaa716dd89e18a080bc5a176adc3)] -> css selector: a], [[ChromeDriver: chrome on windows (fc98eaa716dd89e18a080bc5a176adc3)] -> css selector: a], [[ChromeDriver: chrome on windows (fc98eaa716dd89e18a080bc5a176adc3)] -> css selector: a], [[ChromeDriver: chrome on windows (fc98eaa716dd89e18a080bc5a176adc3)] -> css selector: a], [[ChromeDriver: chrome on windows (fc98eaa716dd89e18a080bc5a176adc3)] -> css selector: a], [[ChromeDriver: chrome on windows (fc98eaa716dd89e18a080bc5a176adc3)] -> css selector: a], [[ChromeDriver: chrome on windows (fc98eaa716dd89e18a080bc5a176adc3)] -> css selector: a], [[ChromeDriver: chrome on windows (fc98eaa716dd89e18a080bc5a176adc3)] -> css selector: a], [[ChromeDriver: chrome on windows (fc98eaa716dd89e18a080bc5a176adc3)] -> css selector: a], [[ChromeDriver: chrome on windows (fc98eaa716dd89e18a080bc5a176adc3)] -> css selector: a], [[ChromeDriver: chrome on windows (fc98eaa716dd89e18a080bc5a176adc3)] -> css selector: a], [[ChromeDriver: chrome on windows (fc98eaa716dd89e18a080bc5a176adc3)] -> css selector: a], [[ChromeDriver: chrome on windows (fc98eaa716dd89e18a080bc5a176adc3)] -> css selector: a], [[ChromeDriver: chrome on windows (fc98eaa716dd89e18a080bc5a176adc3)] -> css selector: a], [[ChromeDriver: chrome on windows (fc98eaa716dd89e18a080bc5a176adc3)] -> css selector: a], [[ChromeDriver: chrome on windows (fc98eaa716dd89e18a080bc5a176adc3)] -> css selector: a], [[ChromeDriver: chrome on windows (fc98eaa716dd89e18a080bc5a176adc3)] -> css selector: a], [[ChromeDriver: chrome on windows (fc98eaa716dd89e18a080bc5a176adc3)] -> css selector: a], [[ChromeDriver: chrome on windows (fc98eaa716dd89e18a080bc5a176adc3)] -> css selector: a], [[ChromeDriver: chrome on windows (fc98eaa716dd89e18a080bc5a176adc3)] -> css selector: a], [[ChromeDriver: chrome on windows (fc98eaa716dd89e18a080bc5a176adc3)] -> css selector: a], [[ChromeDriver: chrome on windows (fc98eaa716dd89e18a080bc5a176adc3)] -> css selector: a], [[ChromeDriver: chrome on windows (fc98eaa716dd89e18a080bc5a176adc3)] -> css selector: a], [[ChromeDriver: chrome on windows (fc98eaa716dd89e18a080bc5a176adc3)] -> css selector: a], [[ChromeDriver: chrome on windows (fc98eaa716dd89e18a080bc5a176adc3)] -> css selector: a], [[ChromeDriver: chrome on windows (fc98eaa716dd89e18a080bc5a176adc3)] -> css selector: a], [[ChromeDriver: chrome on windows (fc98eaa716dd89e18a080bc5a176adc3)] -> css selector: a], [[ChromeDriver: chrome on windows (fc98eaa716dd89e18a080bc5a176adc3)] -> css selector: a], [[ChromeDriver: chrome on windows (fc98eaa716dd89e18a080bc5a176adc3)] -> css selector: a], [[ChromeDriver: chrome on windows (fc98eaa716dd89e18a080bc5a176adc3)] -> css selector: a], [[ChromeDriver: chrome on windows (fc98eaa716dd89e18a080bc5a176adc3)] -> css selector: a], [[ChromeDriver: chrome on windows (fc98eaa716dd89e18a080bc5a176adc3)] -> css selector: a], [[ChromeDriver: chrome on windows (fc98eaa716dd89e18a080bc5a176adc3)] -> css selector: a], [[ChromeDriver: chrome on windows (fc98eaa716dd89e18a080bc5a176adc3)] -> css selector: a], [[ChromeDriver: chrome on windows (fc98eaa716dd89e18a080bc5a176adc3)] -> css selector: a], [[ChromeDriver: chrome on windows (fc98eaa716dd89e18a080bc5a176adc3)] -> css selector: a], [[ChromeDriver: chrome on windows (fc98eaa716dd89e18a080bc5a176adc3)] -> css selector: a], [[ChromeDriver: chrome on windows (fc98eaa716dd89e18a080bc5a176adc3)] -> css selector: a], [[ChromeDriver: chrome on windows (fc98eaa716dd89e18a080bc5a176adc3)] -> css selector: a], [[ChromeDriver: chrome on windows (fc98eaa716dd89e18a080bc5a176adc3)] -> css selector: a], [[ChromeDriver: chrome on windows (fc98eaa716dd89e18a080bc5a176adc3)] -> css selector: a], [[ChromeDriver: chrome on windows (fc98eaa716dd89e18a080bc5a176adc3)] -> css selector: a], [[ChromeDriver: chrome on windows (fc98eaa716dd89e18a080bc5a176adc3)] -> css selector: a], [[ChromeDriver: chrome on windows (fc98eaa716dd89e18a080bc5a176adc3)] -> css selector: a], [[ChromeDriver: chrome on windows (fc98eaa716dd89e18a080bc5a176adc3)] -> css selector: a], [[ChromeDriver: chrome on windows (fc98eaa716dd89e18a080bc5a176adc3)] -> css selector: a], [[ChromeDriver: chrome on windows (fc98eaa716dd89e18a080bc5a176adc3)] -> css selector: a], [[ChromeDriver: chrome on windows (fc98eaa716dd89e18a080bc5a176adc3)] -> css selector: a], [[ChromeDriver: chrome on windows (fc98eaa716dd89e18a080bc5a176adc3)] -> css selector: a], [[ChromeDriver: chrome on windows (fc98eaa716dd89e18a080bc5a176adc3)] -> css selector: a], [[ChromeDriver: chrome on windows (fc98eaa716dd89e18a080bc5a176adc3)] -> css selector: a], [[ChromeDriver: chrome on windows (fc98eaa716dd89e18a080bc5a176adc3)] -> css selector: a], [[ChromeDriver: chrome on windows (fc98eaa716dd89e18a080bc5a176adc3)] -> css selector: a], [[ChromeDriver: chrome on windows (fc98eaa716dd89e18a080bc5a176adc3)] -> css selector: a], [[ChromeDriver: chrome on windows (fc98eaa716dd89e18a080bc5a176adc3)] -> css selector: a], [[ChromeDriver: chrome on windows (fc98eaa716dd89e18a080bc5a176adc3)] -> css selector: a], [[ChromeDriver: chrome on windows (fc98eaa716dd89e18a080bc5a176adc3)] -> css selector: a], [[ChromeDriver: chrome on windows (fc98eaa716dd89e18a080bc5a176adc3)] -> css selector: a], [[ChromeDriver: chrome on windows (fc98eaa716dd89e18a080bc5a176adc3)] -> css selector: a], [[ChromeDriver: chrome on windows (fc98eaa716dd89e18a080bc5a176adc3)] -> css selector: a], [[ChromeDriver: chrome on windows (fc98eaa716dd89e18a080bc5a176adc3)] -> css selector: a], [[ChromeDriver: chrome on windows (fc98eaa716dd89e18a080bc5a176adc3)] -> css selector: a], [[ChromeDriver: chrome on windows (fc98eaa716dd89e18a080bc5a176adc3)] -> css selector: a], [[ChromeDriver: chrome on windows (fc98eaa716dd89e18a080bc5a176adc3)] -> css selector: a], [[ChromeDriver: chrome on windows (fc98eaa716dd89e18a080bc5a176adc3)] -> css selector: a], [[ChromeDriver: chrome on windows (fc98eaa716dd89e18a080bc5a176adc3)] -> css selector: a], [[ChromeDriver: chrome on windows (fc98eaa716dd89e18a080bc5a176adc3)] -> css selector: a], [[ChromeDriver: chrome on windows (fc98eaa716dd89e18a080bc5a176adc3)] -> css selector: a], [[ChromeDriver: chrome on windows (fc98eaa716dd89e18a080bc5a176adc3)] -> css selector: a], [[ChromeDriver: chrome on windows (fc98eaa716dd89e18a080bc5a176adc3)] -> css selector: a], [[ChromeDriver: chrome on windows (fc98eaa716dd89e18a080bc5a176adc3)] -> css selector: a], [[ChromeDriver: chrome on windows (fc98eaa716dd89e18a080bc5a176adc3)] -> css selector: a], [[ChromeDriver: chrome on windows (fc98eaa716dd89e18a080bc5a176adc3)] -> css selector: a], [[ChromeDriver: chrome on windows (fc98eaa716dd89e18a080bc5a176adc3)] -> css selector: a], [[ChromeDriver: chrome on windows (fc98eaa716dd89e18a080bc5a176adc3)] -> css selector: a], [[ChromeDriver: chrome on windows (fc98eaa716dd89e18a080bc5a176adc3)] -> css selector: a], [[ChromeDriver: chrome on windows (fc98eaa716dd89e18a080bc5a176adc3)] -> css selector: a], [[ChromeDriver: chrome on windows (fc98eaa716dd89e18a080bc5a176adc3)] -> css selector: a], [[ChromeDriver: chrome on windows (fc98eaa716dd89e18a080bc5a176adc3)] -> css selector: a], [[ChromeDriver: chrome on windows (fc98eaa716dd89e18a080bc5a176adc3)] -> css selector: a], [[ChromeDriver: chrome on windows (fc98eaa716dd89e18a080bc5a176adc3)] -> css selector: a], [[ChromeDriver: chrome on windows (fc98eaa716dd89e18a080bc5a176adc3)] -> css selector: a], [[ChromeDriver: chrome on windows (fc98eaa716dd89e18a080bc5a176adc3)] -> css selector: a], [[ChromeDriver: chrome on windows (fc98eaa716dd89e18a080bc5a176adc3)] -> css selector: a], [[ChromeDriver: chrome on windows (fc98eaa716dd89e18a080bc5a176adc3)] -> css selector: a], [[ChromeDriver: chrome on windows (fc98eaa716dd89e18a080bc5a176adc3)] -> css selector: a], [[ChromeDriver: chrome on windows (fc98eaa716dd89e18a080bc5a176adc3)] -> css selector: a], [[ChromeDriver: chrome on windows (fc98eaa716dd89e18a080bc5a176adc3)] -> css selector: a], [[ChromeDriver: chrome on windows (fc98eaa716dd89e18a080bc5a176adc3)] -> css selector: a], [[ChromeDriver: chrome on windows (fc98eaa716dd89e18a080bc5a176adc3)] -> css selector: a], [[ChromeDriver: chrome on windows (fc98eaa716dd89e18a080bc5a176adc3)] -> css selector: a], [[ChromeDriver: chrome on windows (fc98eaa716dd89e18a080bc5a176adc3)] -> css selector: a], [[ChromeDriver: chrome on windows (fc98eaa716dd89e18a080bc5a176adc3)] -> css selector: a], [[ChromeDriver: chrome on windows (fc98eaa716dd89e18a080bc5a176adc3)] -> css selector: a], [[ChromeDriver: chrome on windows (fc98eaa716dd89e18a080bc5a176adc3)] -> css selector: a], [[ChromeDriver: chrome on windows (fc98eaa716dd89e18a080bc5a176adc3)] -> css selector: a], [[ChromeDriver: chrome on windows (fc98eaa716dd89e18a080bc5a176adc3)] -> css selector: a], [[ChromeDriver: chrome on windows (fc98eaa716dd89e18a080bc5a176adc3)] -> css selector: a], [[ChromeDriver: chrome on windows (fc98eaa716dd89e18a080bc5a176adc3)] -> css selector: a], [[ChromeDriver: chrome on windows (fc98eaa716dd89e18a080bc5a176adc3)] -> css selector: a], [[ChromeDriver: chrome on windows (fc98eaa716dd89e18a080bc5a176adc3)] -> css selector: a], [[ChromeDriver: chrome on windows (fc98eaa716dd89e18a080bc5a176adc3)] -> css selector: a], [[ChromeDriver: chrome on windows (fc98eaa716dd89e18a080bc5a176adc3)] -> css selector: a], [[ChromeDriver: chrome on windows (fc98eaa716dd89e18a080bc5a176adc3)] -> css selector: a], [[ChromeDriver: chrome on windows (fc98eaa716dd89e18a080bc5a176adc3)] -> css selector: a], [[ChromeDriver: chrome on windows (fc98eaa716dd89e18a080bc5a176adc3)] -> css selector: a], [[ChromeDriver: chrome on windows (fc98eaa716dd89e18a080bc5a176adc3)] -> css selector: a], [[ChromeDriver: chrome on windows (fc98eaa716dd89e18a080bc5a176adc3)] -> css selector: a], [[ChromeDriver: chrome on windows (fc98eaa716dd89e18a080bc5a176adc3)] -> css selector: a], [[ChromeDriver: chrome on windows (fc98eaa716dd89e18a080bc5a176adc3)] -> css selector: a], [[ChromeDriver: chrome on windows (fc98eaa716dd89e18a080bc5a176adc3)] -> css selector: a], [[ChromeDriver: chrome on windows (fc98eaa716dd89e18a080bc5a176adc3)] -> css selector: a], [[ChromeDriver: chrome on windows (fc98eaa716dd89e18a080bc5a176adc3)] -> css selector: a], [[ChromeDriver: chrome on windows (fc98eaa716dd89e18a080bc5a176adc3)] -> css selector: a], [[ChromeDriver: chrome on windows (fc98eaa716dd89e18a080bc5a176adc3)] -> css selector: a], [[ChromeDriver: chrome on windows (fc98eaa716dd89e18a080bc5a176adc3)] -> css selector: a], [[ChromeDriver: chrome on windows (fc98eaa716dd89e18a080bc5a176adc3)] -> css selector: a], [[ChromeDriver: chrome on windows (fc98eaa716dd89e18a080bc5a176adc3)] -> css selector: a], [[ChromeDriver: chrome on windows (fc98eaa716dd89e18a080bc5a176adc3)] -> css selector: a], [[ChromeDriver: chrome on windows (fc98eaa716dd89e18a080bc5a176adc3)] -> css selector: a], [[ChromeDriver: chrome on windows (fc98eaa716dd89e18a080bc5a176adc3)] -> css selector: a], [[ChromeDriver: chrome on windows (fc98eaa716dd89e18a080bc5a176adc3)] -> css selector: a], [[ChromeDriver: chrome on windows (fc98eaa716dd89e18a080bc5a176adc3)] -> css selector: a], [[ChromeDriver: chrome on windows (fc98eaa716dd89e18a080bc5a176adc3)] -> css selector: a], [[ChromeDriver: chrome on windows (fc98eaa716dd89e18a080bc5a176adc3)] -> css selector: a], [[ChromeDriver: chrome on windows (fc98eaa716dd89e18a080bc5a176adc3)] -> css selector: a], [[ChromeDriver: chrome on windows (fc98eaa716dd89e18a080bc5a176adc3)] -> css selector: a], [[ChromeDriver: chrome on windows (fc98eaa716dd89e18a080bc5a176adc3)] -> css selector: a], [[ChromeDriver: chrome on windows (fc98eaa716dd89e18a080bc5a176adc3)] -> css selector: a], [[ChromeDriver: chrome on windows (fc98eaa716dd89e18a080bc5a176adc3)] -> css selector: a], [[ChromeDriver: chrome on windows (fc98eaa716dd89e18a080bc5a176adc3)] -> css selector: a], [[ChromeDriver: chrome on windows (fc98eaa716dd89e18a080bc5a176adc3)] -> css selector: a], [[ChromeDriver: chrome on windows (fc98eaa716dd89e18a080bc5a176adc3)] -> css selector: a], [[ChromeDriver: chrome on windows (fc98eaa716dd89e18a080bc5a176adc3)] -> css selector: a], [[ChromeDriver: chrome on windows (fc98eaa716dd89e18a080bc5a176adc3)] -> css selector: a], [[ChromeDriver: chrome on windows (fc98eaa716dd89e18a080bc5a176adc3)] -> css selector: a], [[ChromeDriver: chrome on windows (fc98eaa716dd89e18a080bc5a176adc3)] -> css selector: a], [[ChromeDriver: chrome on windows (fc98eaa716dd89e18a080bc5a176adc3)] -> css selector: a], [[ChromeDriver: chrome on windows (fc98eaa716dd89e18a080bc5a176adc3)] -> css selector: a], [[ChromeDriver: chrome on windows (fc98eaa716dd89e18a080bc5a176adc3)] -> css selector: a], [[ChromeDriver: chrome on windows (fc98eaa716dd89e18a080bc5a176adc3)] -> css selector: a], [[ChromeDriver: chrome on windows (fc98eaa716dd89e18a080bc5a176adc3)] -> css selector: a], [[ChromeDriver: chrome on windows (fc98eaa716dd89e18a080bc5a176adc3)] -> css selector: a], [[ChromeDriver: chrome on windows (fc98eaa716dd89e18a080bc5a176adc3)] -> css selector: a], [[ChromeDriver: chrome on windows (fc98eaa716dd89e18a080bc5a176adc3)] -> css selector: a], [[ChromeDriver: chrome on windows (fc98eaa716dd89e18a080bc5a176adc3)] -> css selector: a], [[ChromeDriver: chrome on windows (fc98eaa716dd89e18a080bc5a176adc3)] -> css selector: a], [[ChromeDriver: chrome on windows (fc98eaa716dd89e18a080bc5a176adc3)] -> css selector: a], [[ChromeDriver: chrome on windows (fc98eaa716dd89e18a080bc5a176adc3)] -> css selector: a], [[ChromeDriver: chrome on windows (fc98eaa716dd89e18a080bc5a176adc3)] -> css selector: a], [[ChromeDriver: chrome on windows (fc98eaa716dd89e18a080bc5a176adc3)] -> css selector: a], [[ChromeDriver: chrome on windows (fc98eaa716dd89e18a080bc5a176adc3)] -> css selector: a], [[ChromeDriver: chrome on windows (fc98eaa716dd89e18a080bc5a176adc3)] -> css selector: a], [[ChromeDriver: chrome on windows (fc98eaa716dd89e18a080bc5a176adc3)] -> css selector: a], [[ChromeDriver: chrome on windows (fc98eaa716dd89e18a080bc5a176adc3)] -> css selector: a], [[ChromeDriver: chrome on windows (fc98eaa716dd89e18a080bc5a176adc3)] -> css selector: a], [[ChromeDriver: chrome on windows (fc98eaa716dd89e18a080bc5a176adc3)] -> css selector: a], [[ChromeDriver: chrome on windows (fc98eaa716dd89e18a080bc5a176adc3)] -> css selector: a], [[ChromeDriver: chrome on windows (fc98eaa716dd89e18a080bc5a176adc3)] -> css selector: a], [[ChromeDriver: chrome on windows (fc98eaa716dd89e18a080bc5a176adc3)] -> css selector: a], [[ChromeDriver: chrome on windows (fc98eaa716dd89e18a080bc5a176adc3)] -> css selector: a], [[ChromeDriver: chrome on windows (fc98eaa716dd89e18a080bc5a176adc3)] -> css selector: a], [[ChromeDriver: chrome on windows (fc98eaa716dd89e18a080bc5a176adc3)] -> css selector: a], [[ChromeDriver: chrome on windows (fc98eaa716dd89e18a080bc5a176adc3)] -> css selector: a], [[ChromeDriver: chrome on windows (fc98eaa716dd89e18a080bc5a176adc3)] -> css selector: a], [[ChromeDriver: chrome on windows (fc98eaa716dd89e18a080bc5a176adc3)] -> css selector: a], [[ChromeDriver: chrome on windows (fc98eaa716dd89e18a080bc5a176adc3)] -> css selector: a], [[ChromeDriver: chrome on windows (fc98eaa716dd89e18a080bc5a176adc3)] -> css selector: a], [[ChromeDriver: chrome on windows (fc98eaa716dd89e18a080bc5a176adc3)] -> css selector: a], [[ChromeDriver: chrome on windows (fc98eaa716dd89e18a080bc5a176adc3)] -> css selector: a], [[ChromeDriver: chrome on windows (fc98eaa716dd89e18a080bc5a176adc3)] -> css selector: a], [[ChromeDriver: chrome on windows (fc98eaa716dd89e18a080bc5a176adc3)] -> css selector: a], [[ChromeDriver: chrome on windows (fc98eaa716dd89e18a080bc5a176adc3)] -> css selector: a], [[ChromeDriver: chrome on windows (fc98eaa716dd89e18a080bc5a176adc3)] -> css selector: a], [[ChromeDriver: chrome on windows (fc98eaa716dd89e18a080bc5a176adc3)] -> css selector: a], [[ChromeDriver: chrome on windows (fc98eaa716dd89e18a080bc5a176adc3)] -> css selector: a], [[ChromeDriver: chrome on windows (fc98eaa716dd89e18a080bc5a176adc3)] -> css selector: a], [[ChromeDriver: chrome on windows (fc98eaa716dd89e18a080bc5a176adc3)] -> css selector: a], [[ChromeDriver: chrome on windows (fc98eaa716dd89e18a080bc5a176adc3)] -> css selector: a], [[ChromeDriver: chrome on windows (fc98eaa716dd89e18a080bc5a176adc3)] -> css selector: a], [[ChromeDriver: chrome on windows (fc98eaa716dd89e18a080bc5a176adc3)] -> css selector: a], [[ChromeDriver: chrome on windows (fc98eaa716dd89e18a080bc5a176adc3)] -> css selector: a], [[ChromeDriver: chrome on windows (fc98eaa716dd89e18a080bc5a176adc3)] -> css selector: a], [[ChromeDriver: chrome on windows (fc98eaa716dd89e18a080bc5a176adc3)] -> css selector: a], [[ChromeDriver: chrome on windows (fc98eaa716dd89e18a080bc5a176adc3)] -> css selector: a], [[ChromeDriver: chrome on windows (fc98eaa716dd89e18a080bc5a176adc3)] -> css selector: a], [[ChromeDriver: chrome on windows (fc98eaa716dd89e18a080bc5a176adc3)] -> css selector: a], [[ChromeDriver: chrome on windows (fc98eaa716dd89e18a080bc5a176adc3)] -> css selector: a], [[ChromeDriver: chrome on windows (fc98eaa716dd89e18a080bc5a176adc3)] -> css selector: a], [[ChromeDriver: chrome on windows (fc98eaa716dd89e18a080bc5a176adc3)] -> css selector: a], [[ChromeDriver: chrome on windows (fc98eaa716dd89e18a080bc5a176adc3)] -> css selector: a], [[ChromeDriver: chrome on windows (fc98eaa716dd89e18a080bc5a176adc3)] -> css selector: a], [[ChromeDriver: chrome on windows (fc98eaa716dd89e18a080bc5a176adc3)] -> css selector: a], [[ChromeDriver: chrome on windows (fc98eaa716dd89e18a080bc5a176adc3)] -> css selector: a], [[ChromeDriver: chrome on windows (fc98eaa716dd89e18a080bc5a176adc3)] -> css selector: a], [[ChromeDriver: chrome on windows (fc98eaa716dd89e18a080bc5a176adc3)] -> css selector: a], [[ChromeDriver: chrome on windows (fc98eaa716dd89e18a080bc5a176adc3)] -> css selector: a], [[ChromeDriver: chrome on windows (fc98eaa716dd89e18a080bc5a176adc3)] -> css selector: a], [[ChromeDriver: chrome on windows (fc98eaa716dd89e18a080bc5a176adc3)] -> css selector: a], [[ChromeDriver: chrome on windows (fc98eaa716dd89e18a080bc5a176adc3)] -> css selector: a], [[ChromeDriver: chrome on windows (fc98eaa716dd89e18a080bc5a176adc3)] -> css selector: a], [[ChromeDriver: chrome on windows (fc98eaa716dd89e18a080bc5a176adc3)] -> css selector: a], [[ChromeDriver: chrome on windows (fc98eaa716dd89e18a080bc5a176adc3)] -> css selector: a], [[ChromeDriver: chrome on windows (fc98eaa716dd89e18a080bc5a176adc3)] -> css selector: a], [[ChromeDriver: chrome on windows (fc98eaa716dd89e18a080bc5a176adc3)] -> css selector: a], [[ChromeDriver: chrome on windows (fc98eaa716dd89e18a080bc5a176adc3)] -> css selector: a], [[ChromeDriver: chrome on windows (fc98eaa716dd89e18a080bc5a176adc3)] -> css selector: a], [[ChromeDriver: chrome on windows (fc98eaa716dd89e18a080bc5a176adc3)] -> css selector: a], [[ChromeDriver: chrome on windows (fc98eaa716dd89e18a080bc5a176adc3)] -> css selector: a], [[ChromeDriver: chrome on windows (fc98eaa716dd89e18a080bc5a176adc3)] -> css selector: a], [[ChromeDriver: chrome on windows (fc98eaa716dd89e18a080bc5a176adc3)] -> css selector: a], [[ChromeDriver: chrome on windows (fc98eaa716dd89e18a080bc5a176adc3)] -> css selector: a], [[ChromeDriver: chrome on windows (fc98eaa716dd89e18a080bc5a176adc3)] -> css selector: a], [[ChromeDriver: chrome on windows (fc98eaa716dd89e18a080bc5a176adc3)] -> css selector: a], [[ChromeDriver: chrome on windows (fc98eaa716dd89e18a080bc5a176adc3)] -> css selector: a], [[ChromeDriver: chrome on windows (fc98eaa716dd89e18a080bc5a176adc3)] -> css selector: a], [[ChromeDriver: chrome on windows (fc98eaa716dd89e18a080bc5a176adc3)] -> css selector: a], [[ChromeDriver: chrome on windows (fc98eaa716dd89e18a080bc5a176adc3)] -> css selector: a], [[ChromeDriver: chrome on windows (fc98eaa716dd89e18a080bc5a176adc3)] -> css selector: a], [[ChromeDriver: chrome on windows (fc98eaa716dd89e18a080bc5a176adc3)] -> css selector: a], [[ChromeDriver: chrome on windows (fc98eaa716dd89e18a080bc5a176adc3)] -> css selector: a], [[ChromeDriver: chrome on windows (fc98eaa716dd89e18a080bc5a176adc3)] -> css selector: a], [[ChromeDriver: chrome on windows (fc98eaa716dd89e18a080bc5a176adc3)] -> css selector: a], [[ChromeDriver: chrome on windows (fc98eaa716dd89e18a080bc5a176adc3)] -> css selector: a], [[ChromeDriver: chrome on windows (fc98eaa716dd89e18a080bc5a176adc3)] -> css selector: a], [[ChromeDriver: chrome on windows (fc98eaa716dd89e18a080bc5a176adc3)] -> css selector: a], [[ChromeDriver: chrome on windows (fc98eaa716dd89e18a080bc5a176adc3)] -> css selector: a], [[ChromeDriver: chrome on windows (fc98eaa716dd89e18a080bc5a176adc3)] -> css selector: a], [[ChromeDriver: chrome on windows (fc98eaa716dd89e18a080bc5a176adc3)] -> css selector: a], [[ChromeDriver: chrome on windows (fc98eaa716dd89e18a080bc5a176adc3)] -> css selector: a], [[ChromeDriver: chrome on windows (fc98eaa716dd89e18a080bc5a176adc3)] -> css selector: a], [[ChromeDriver: chrome on windows (fc98eaa716dd89e18a080bc5a176adc3)] -> css selector: a], [[ChromeDriver: chrome on windows (fc98eaa716dd89e18a080bc5a176adc3)] -> css selector: a], [[ChromeDriver: chrome on windows (fc98eaa716dd89e18a080bc5a176adc3)] -> css selector: a], [[ChromeDriver: chrome on windows (fc98eaa716dd89e18a080bc5a176adc3)] -> css selector: a], [[ChromeDriver: chrome on windows (fc98eaa716dd89e18a080bc5a176adc3)] -> css selector: a], [[ChromeDriver: chrome on windows (fc98eaa716dd89e18a080bc5a176adc3)] -> css selector: a], [[ChromeDriver: chrome on windows (fc98eaa716dd89e18a080bc5a176adc3)] -> css selector: a], [[ChromeDriver: chrome on windows (fc98eaa716dd89e18a080bc5a176adc3)] -> css selector: a], [[ChromeDriver: chrome on windows (fc98eaa716dd89e18a080bc5a176adc3)] -> css selector: a], [[ChromeDriver: chrome on windows (fc98eaa716dd89e18a080bc5a176adc3)] -> css selector: a], [[ChromeDriver: chrome on windows (fc98eaa716dd89e18a080bc5a176adc3)] -> css selector: a], [[ChromeDriver: chrome on windows (fc98eaa716dd89e18a080bc5a176adc3)] -> css selector: a], [[ChromeDriver: chrome on windows (fc98eaa716dd89e18a080bc5a176adc3)] -> css selector: a], [[ChromeDriver: chrome on windows (fc98eaa716dd89e18a080bc5a176adc3)] -> css selector: a], [[ChromeDriver: chrome on windows (fc98eaa716dd89e18a080bc5a176adc3)] -> css selector: a], [[ChromeDriver: chrome on windows (fc98eaa716dd89e18a080bc5a176adc3)] -> css selector: a], [[ChromeDriver: chrome on windows (fc98eaa716dd89e18a080bc5a176adc3)] -> css selector: a], [[ChromeDriver: chrome on windows (fc98eaa716dd89e18a080bc5a176adc3)] -> css selector: a], [[ChromeDriver: chrome on windows (fc98eaa716dd89e18a080bc5a176adc3)] -> css selector: a], [[ChromeDriver: chrome on windows (fc98eaa716dd89e18a080bc5a176adc3)] -> css selector: a], [[ChromeDriver: chrome on windows (fc98eaa716dd89e18a080bc5a176adc3)] -> css selector: a], [[ChromeDriver: chrome on windows (fc98eaa716dd89e18a080bc5a176adc3)] -> css selector: a], [[ChromeDriver: chrome on windows (fc98eaa716dd89e18a080bc5a176adc3)] -> css selector: a], [[ChromeDriver: chrome on windows (fc98eaa716dd89e18a080bc5a176adc3)] -> css selector: a], [[ChromeDriver: chrome on windows (fc98eaa716dd89e18a080bc5a176adc3)] -> css selector: a], [[ChromeDriver: chrome on windows (fc98eaa716dd89e18a080bc5a176adc3)] -> css selector: a], [[ChromeDriver: chrome on windows (fc98eaa716dd89e18a080bc5a176adc3)] -> css selector: a], [[ChromeDriver: chrome on windows (fc98eaa716dd89e18a080bc5a176adc3)] -> css selector: a], [[ChromeDriver: chrome on windows (fc98eaa716dd89e18a080bc5a176adc3)] -> css selector: a], [[ChromeDriver: chrome on windows (fc98eaa716dd89e18a080bc5a176adc3)] -> css selector: a], [[ChromeDriver: chrome on windows (fc98eaa716dd89e18a080bc5a176adc3)] -> css selector: a], [[ChromeDriver: chrome on windows (fc98eaa716dd89e18a080bc5a176adc3)] -> css selector: a], [[ChromeDriver: chrome on windows (fc98eaa716dd89e18a080bc5a176adc3)] -> css selector: a], [[ChromeDriver: chrome on windows (fc98eaa716dd89e18a080bc5a176adc3)] -> css selector: a], [[ChromeDriver: chrome on windows (fc98eaa716dd89e18a080bc5a176adc3)] -> css selector: a], [[ChromeDriver: chrome on windows (fc98eaa716dd89e18a080bc5a176adc3)] -> css selector: a], [[ChromeDriver: chrome on windows (fc98eaa716dd89e18a080bc5a176adc3)] -> css selector: a], [[ChromeDriver: chrome on windows (fc98eaa716dd89e18a080bc5a176adc3)] -> css selector: a], [[ChromeDriver: chrome on windows (fc98eaa716dd89e18a080bc5a176adc3)] -> css selector: a], [[ChromeDriver: chrome on windows (fc98eaa716dd89e18a080bc5a176adc3)] -> css selector: a], [[ChromeDriver: chrome on windows (fc98eaa716dd89e18a080bc5a176adc3)] -> css selector: a], [[ChromeDriver: chrome on windows (fc98eaa716dd89e18a080bc5a176adc3)] -> css selector: a], [[ChromeDriver: chrome on windows (fc98eaa716dd89e18a080bc5a176adc3)] -> css selector: a], [[ChromeDriver: chrome on windows (fc98eaa716dd89e18a080bc5a176adc3)] -> css selector: a], [[ChromeDriver: chrome on windows (fc98eaa716dd89e18a080bc5a176adc3)] -> css selector: a], [[ChromeDriver: chrome on windows (fc98eaa716dd89e18a080bc5a176adc3)] -> css selector: a], [[ChromeDriver: chrome on windows (fc98eaa716dd89e18a080bc5a176adc3)] -> css selector: a], [[ChromeDriver: chrome on windows (fc98eaa716dd89e18a080bc5a176adc3)] -> css selector: a], [[ChromeDriver: chrome on windows (fc98eaa716dd89e18a080bc5a176adc3)] -> css selector: a], [[ChromeDriver: chrome on windows (fc98eaa716dd89e18a080bc5a176adc3)] -> css selector: a], [[ChromeDriver: chrome on windows (fc98eaa716dd89e18a080bc5a176adc3)] -> css selector: a], [[ChromeDriver: chrome on windows (fc98eaa716dd89e18a080bc5a176adc3)] -> css selector: a], [[ChromeDriver: chrome on windows (fc98eaa716dd89e18a080bc5a176adc3)] -> css selector: a], [[ChromeDriver: chrome on windows (fc98eaa716dd89e18a080bc5a176adc3)] -> css selector: a], [[ChromeDriver: chrome on windows (fc98eaa716dd89e18a080bc5a176adc3)] -> css selector: a], [[ChromeDriver: chrome on windows (fc98eaa716dd89e18a080bc5a176adc3)] -> css selector: a], [[ChromeDriver: chrome on windows (fc98eaa716dd89e18a080bc5a176adc3)] -> css selector: a], [[ChromeDriver: chrome on windows (fc98eaa716dd89e18a080bc5a176adc3)] -> css selector: a], [[ChromeDriver: chrome on windows (fc98eaa716dd89e18a080bc5a176adc3)] -> css selector: a], [[ChromeDriver: chrome on windows (fc98eaa716dd89e18a080bc5a176adc3)] -> css selector: a], [[ChromeDriver: chrome on windows (fc98eaa716dd89e18a080bc5a176adc3)] -> css selector: a], [[ChromeDriver: chrome on windows (fc98eaa716dd89e18a080bc5a176adc3)] -> css selector: a], [[ChromeDriver: chrome on windows (fc98eaa716dd89e18a080bc5a176adc3)] -> css selector: a], [[ChromeDriver: chrome on windows (fc98eaa716dd89e18a080bc5a176adc3)] -> css selector: a], [[ChromeDriver: chrome on windows (fc98eaa716dd89e18a080bc5a176adc3)] -> css selector: a], [[ChromeDriver: chrome on windows (fc98eaa716dd89e18a080bc5a176adc3)] -> css selector: a], [[ChromeDriver: chrome on windows (fc98eaa716dd89e18a080bc5a176adc3)] -> css selector: a], [[ChromeDriver: chrome on windows (fc98eaa716dd89e18a080bc5a176adc3)] -> css selector: a], [[ChromeDriver: chrome on windows (fc98eaa716dd89e18a080bc5a176adc3)] -> css selector: a], [[ChromeDriver: chrome on windows (fc98eaa716dd89e18a080bc5a176adc3)] -> css selector: a], [[ChromeDriver: chrome on windows (fc98eaa716dd89e18a080bc5a176adc3)] -> css selector: a], [[ChromeDriver: chrome on windows (fc98eaa716dd89e18a080bc5a176adc3)] -> css selector: a], [[ChromeDriver: chrome on windows (fc98eaa716dd89e18a080bc5a176adc3)] -> css selector: a], [[ChromeDriver: chrome on windows (fc98eaa716dd89e18a080bc5a176adc3)] -> css selector: a], [[ChromeDriver: chrome on windows (fc98eaa716dd89e18a080bc5a176adc3)] -> css selector: a]] (tried for 10 second(s) with 500 milliseconds interval)
Build info: version: '4.18.1', revision: 'b1d3319b48'
System info: os.name: 'Windows 11', os.arch: 'amd64', os.version: '10.0', java.version: '17.0.9'
Driver info: org.openqa.selenium.chrome.ChromeDriver
Capabilities {acceptInsecureCerts: false, browserName: chrome, browserVersion: 123.0.6312.106, chrome: {chromedriverVersion: 123.0.6312.122 (31f8248cdd9..., userDataDir: C:\Users\PUSHPE~1\AppData\L...}, fedcm:accounts: true, goog:chromeOptions: {debuggerAddress: localhost:51770}, networkConnectionEnabled: false, pageLoadStrategy: normal, platformName: windows, proxy: Proxy(), se:cdp: ws://localhost:51770/devtoo..., se:cdpVersion: 123.0.6312.106, setWindowRect: true, strictFileInteractability: false, timeouts: {implicit: 0, pageLoad: 300000, script: 30000}, unhandledPromptBehavior: dismiss and notify, webauthn:extension:credBlob: true, webauthn:extension:largeBlob: true, webauthn:extension:minPinLength: true, webauthn:extension:prf: true, webauthn:virtualAuthenticators: true}
Session ID: fc98eaa716dd89e18a080bc5a176adc3]]>
            </message>
            <full-stacktrace>
              <![CDATA[org.openqa.selenium.TimeoutException: Expected condition failed: waiting for visibility of all [[[ChromeDriver: chrome on windows (fc98eaa716dd89e18a080bc5a176adc3)] -> css selector: a], [[ChromeDriver: chrome on windows (fc98eaa716dd89e18a080bc5a176adc3)] -> css selector: a], [[ChromeDriver: chrome on windows (fc98eaa716dd89e18a080bc5a176adc3)] -> css selector: a], [[ChromeDriver: chrome on windows (fc98eaa716dd89e18a080bc5a176adc3)] -> css selector: a], [[ChromeDriver: chrome on windows (fc98eaa716dd89e18a080bc5a176adc3)] -> css selector: a], [[ChromeDriver: chrome on windows (fc98eaa716dd89e18a080bc5a176adc3)] -> css selector: a], [[ChromeDriver: chrome on windows (fc98eaa716dd89e18a080bc5a176adc3)] -> css selector: a], [[ChromeDriver: chrome on windows (fc98eaa716dd89e18a080bc5a176adc3)] -> css selector: a], [[ChromeDriver: chrome on windows (fc98eaa716dd89e18a080bc5a176adc3)] -> css selector: a], [[ChromeDriver: chrome on windows (fc98eaa716dd89e18a080bc5a176adc3)] -> css selector: a], [[ChromeDriver: chrome on windows (fc98eaa716dd89e18a080bc5a176adc3)] -> css selector: a], [[ChromeDriver: chrome on windows (fc98eaa716dd89e18a080bc5a176adc3)] -> css selector: a], [[ChromeDriver: chrome on windows (fc98eaa716dd89e18a080bc5a176adc3)] -> css selector: a], [[ChromeDriver: chrome on windows (fc98eaa716dd89e18a080bc5a176adc3)] -> css selector: a], [[ChromeDriver: chrome on windows (fc98eaa716dd89e18a080bc5a176adc3)] -> css selector: a], [[ChromeDriver: chrome on windows (fc98eaa716dd89e18a080bc5a176adc3)] -> css selector: a], [[ChromeDriver: chrome on windows (fc98eaa716dd89e18a080bc5a176adc3)] -> css selector: a], [[ChromeDriver: chrome on windows (fc98eaa716dd89e18a080bc5a176adc3)] -> css selector: a], [[ChromeDriver: chrome on windows (fc98eaa716dd89e18a080bc5a176adc3)] -> css selector: a], [[ChromeDriver: chrome on windows (fc98eaa716dd89e18a080bc5a176adc3)] -> css selector: a], [[ChromeDriver: chrome on windows (fc98eaa716dd89e18a080bc5a176adc3)] -> css selector: a], [[ChromeDriver: chrome on windows (fc98eaa716dd89e18a080bc5a176adc3)] -> css selector: a], [[ChromeDriver: chrome on windows (fc98eaa716dd89e18a080bc5a176adc3)] -> css selector: a], [[ChromeDriver: chrome on windows (fc98eaa716dd89e18a080bc5a176adc3)] -> css selector: a], [[ChromeDriver: chrome on windows (fc98eaa716dd89e18a080bc5a176adc3)] -> css selector: a], [[ChromeDriver: chrome on windows (fc98eaa716dd89e18a080bc5a176adc3)] -> css selector: a], [[ChromeDriver: chrome on windows (fc98eaa716dd89e18a080bc5a176adc3)] -> css selector: a], [[ChromeDriver: chrome on windows (fc98eaa716dd89e18a080bc5a176adc3)] -> css selector: a], [[ChromeDriver: chrome on windows (fc98eaa716dd89e18a080bc5a176adc3)] -> css selector: a], [[ChromeDriver: chrome on windows (fc98eaa716dd89e18a080bc5a176adc3)] -> css selector: a], [[ChromeDriver: chrome on windows (fc98eaa716dd89e18a080bc5a176adc3)] -> css selector: a], [[ChromeDriver: chrome on windows (fc98eaa716dd89e18a080bc5a176adc3)] -> css selector: a], [[ChromeDriver: chrome on windows (fc98eaa716dd89e18a080bc5a176adc3)] -> css selector: a], [[ChromeDriver: chrome on windows (fc98eaa716dd89e18a080bc5a176adc3)] -> css selector: a], [[ChromeDriver: chrome on windows (fc98eaa716dd89e18a080bc5a176adc3)] -> css selector: a], [[ChromeDriver: chrome on windows (fc98eaa716dd89e18a080bc5a176adc3)] -> css selector: a], [[ChromeDriver: chrome on windows (fc98eaa716dd89e18a080bc5a176adc3)] -> css selector: a], [[ChromeDriver: chrome on windows (fc98eaa716dd89e18a080bc5a176adc3)] -> css selector: a], [[ChromeDriver: chrome on windows (fc98eaa716dd89e18a080bc5a176adc3)] -> css selector: a], [[ChromeDriver: chrome on windows (fc98eaa716dd89e18a080bc5a176adc3)] -> css selector: a], [[ChromeDriver: chrome on windows (fc98eaa716dd89e18a080bc5a176adc3)] -> css selector: a], [[ChromeDriver: chrome on windows (fc98eaa716dd89e18a080bc5a176adc3)] -> css selector: a], [[ChromeDriver: chrome on windows (fc98eaa716dd89e18a080bc5a176adc3)] -> css selector: a], [[ChromeDriver: chrome on windows (fc98eaa716dd89e18a080bc5a176adc3)] -> css selector: a], [[ChromeDriver: chrome on windows (fc98eaa716dd89e18a080bc5a176adc3)] -> css selector: a], [[ChromeDriver: chrome on windows (fc98eaa716dd89e18a080bc5a176adc3)] -> css selector: a], [[ChromeDriver: chrome on windows (fc98eaa716dd89e18a080bc5a176adc3)] -> css selector: a], [[ChromeDriver: chrome on windows (fc98eaa716dd89e18a080bc5a176adc3)] -> css selector: a], [[ChromeDriver: chrome on windows (fc98eaa716dd89e18a080bc5a176adc3)] -> css selector: a], [[ChromeDriver: chrome on windows (fc98eaa716dd89e18a080bc5a176adc3)] -> css selector: a], [[ChromeDriver: chrome on windows (fc98eaa716dd89e18a080bc5a176adc3)] -> css selector: a], [[ChromeDriver: chrome on windows (fc98eaa716dd89e18a080bc5a176adc3)] -> css selector: a], [[ChromeDriver: chrome on windows (fc98eaa716dd89e18a080bc5a176adc3)] -> css selector: a], [[ChromeDriver: chrome on windows (fc98eaa716dd89e18a080bc5a176adc3)] -> css selector: a], [[ChromeDriver: chrome on windows (fc98eaa716dd89e18a080bc5a176adc3)] -> css selector: a], [[ChromeDriver: chrome on windows (fc98eaa716dd89e18a080bc5a176adc3)] -> css selector: a], [[ChromeDriver: chrome on windows (fc98eaa716dd89e18a080bc5a176adc3)] -> css selector: a], [[ChromeDriver: chrome on windows (fc98eaa716dd89e18a080bc5a176adc3)] -> css selector: a], [[ChromeDriver: chrome on windows (fc98eaa716dd89e18a080bc5a176adc3)] -> css selector: a], [[ChromeDriver: chrome on windows (fc98eaa716dd89e18a080bc5a176adc3)] -> css selector: a], [[ChromeDriver: chrome on windows (fc98eaa716dd89e18a080bc5a176adc3)] -> css selector: a], [[ChromeDriver: chrome on windows (fc98eaa716dd89e18a080bc5a176adc3)] -> css selector: a], [[ChromeDriver: chrome on windows (fc98eaa716dd89e18a080bc5a176adc3)] -> css selector: a], [[ChromeDriver: chrome on windows (fc98eaa716dd89e18a080bc5a176adc3)] -> css selector: a], [[ChromeDriver: chrome on windows (fc98eaa716dd89e18a080bc5a176adc3)] -> css selector: a], [[ChromeDriver: chrome on windows (fc98eaa716dd89e18a080bc5a176adc3)] -> css selector: a], [[ChromeDriver: chrome on windows (fc98eaa716dd89e18a080bc5a176adc3)] -> css selector: a], [[ChromeDriver: chrome on windows (fc98eaa716dd89e18a080bc5a176adc3)] -> css selector: a], [[ChromeDriver: chrome on windows (fc98eaa716dd89e18a080bc5a176adc3)] -> css selector: a], [[ChromeDriver: chrome on windows (fc98eaa716dd89e18a080bc5a176adc3)] -> css selector: a], [[ChromeDriver: chrome on windows (fc98eaa716dd89e18a080bc5a176adc3)] -> css selector: a], [[ChromeDriver: chrome on windows (fc98eaa716dd89e18a080bc5a176adc3)] -> css selector: a], [[ChromeDriver: chrome on windows (fc98eaa716dd89e18a080bc5a176adc3)] -> css selector: a], [[ChromeDriver: chrome on windows (fc98eaa716dd89e18a080bc5a176adc3)] -> css selector: a], [[ChromeDriver: chrome on windows (fc98eaa716dd89e18a080bc5a176adc3)] -> css selector: a], [[ChromeDriver: chrome on windows (fc98eaa716dd89e18a080bc5a176adc3)] -> css selector: a], [[ChromeDriver: chrome on windows (fc98eaa716dd89e18a080bc5a176adc3)] -> css selector: a], [[ChromeDriver: chrome on windows (fc98eaa716dd89e18a080bc5a176adc3)] -> css selector: a], [[ChromeDriver: chrome on windows (fc98eaa716dd89e18a080bc5a176adc3)] -> css selector: a], [[ChromeDriver: chrome on windows (fc98eaa716dd89e18a080bc5a176adc3)] -> css selector: a], [[ChromeDriver: chrome on windows (fc98eaa716dd89e18a080bc5a176adc3)] -> css selector: a], [[ChromeDriver: chrome on windows (fc98eaa716dd89e18a080bc5a176adc3)] -> css selector: a], [[ChromeDriver: chrome on windows (fc98eaa716dd89e18a080bc5a176adc3)] -> css selector: a], [[ChromeDriver: chrome on windows (fc98eaa716dd89e18a080bc5a176adc3)] -> css selector: a], [[ChromeDriver: chrome on windows (fc98eaa716dd89e18a080bc5a176adc3)] -> css selector: a], [[ChromeDriver: chrome on windows (fc98eaa716dd89e18a080bc5a176adc3)] -> css selector: a], [[ChromeDriver: chrome on windows (fc98eaa716dd89e18a080bc5a176adc3)] -> css selector: a], [[ChromeDriver: chrome on windows (fc98eaa716dd89e18a080bc5a176adc3)] -> css selector: a], [[ChromeDriver: chrome on windows (fc98eaa716dd89e18a080bc5a176adc3)] -> css selector: a], [[ChromeDriver: chrome on windows (fc98eaa716dd89e18a080bc5a176adc3)] -> css selector: a], [[ChromeDriver: chrome on windows (fc98eaa716dd89e18a080bc5a176adc3)] -> css selector: a], [[ChromeDriver: chrome on windows (fc98eaa716dd89e18a080bc5a176adc3)] -> css selector: a], [[ChromeDriver: chrome on windows (fc98eaa716dd89e18a080bc5a176adc3)] -> css selector: a], [[ChromeDriver: chrome on windows (fc98eaa716dd89e18a080bc5a176adc3)] -> css selector: a], [[ChromeDriver: chrome on windows (fc98eaa716dd89e18a080bc5a176adc3)] -> css selector: a], [[ChromeDriver: chrome on windows (fc98eaa716dd89e18a080bc5a176adc3)] -> css selector: a], [[ChromeDriver: chrome on windows (fc98eaa716dd89e18a080bc5a176adc3)] -> css selector: a], [[ChromeDriver: chrome on windows (fc98eaa716dd89e18a080bc5a176adc3)] -> css selector: a], [[ChromeDriver: chrome on windows (fc98eaa716dd89e18a080bc5a176adc3)] -> css selector: a], [[ChromeDriver: chrome on windows (fc98eaa716dd89e18a080bc5a176adc3)] -> css selector: a], [[ChromeDriver: chrome on windows (fc98eaa716dd89e18a080bc5a176adc3)] -> css selector: a], [[ChromeDriver: chrome on windows (fc98eaa716dd89e18a080bc5a176adc3)] -> css selector: a], [[ChromeDriver: chrome on windows (fc98eaa716dd89e18a080bc5a176adc3)] -> css selector: a], [[ChromeDriver: chrome on windows (fc98eaa716dd89e18a080bc5a176adc3)] -> css selector: a], [[ChromeDriver: chrome on windows (fc98eaa716dd89e18a080bc5a176adc3)] -> css selector: a], [[ChromeDriver: chrome on windows (fc98eaa716dd89e18a080bc5a176adc3)] -> css selector: a], [[ChromeDriver: chrome on windows (fc98eaa716dd89e18a080bc5a176adc3)] -> css selector: a], [[ChromeDriver: chrome on windows (fc98eaa716dd89e18a080bc5a176adc3)] -> css selector: a], [[ChromeDriver: chrome on windows (fc98eaa716dd89e18a080bc5a176adc3)] -> css selector: a], [[ChromeDriver: chrome on windows (fc98eaa716dd89e18a080bc5a176adc3)] -> css selector: a], [[ChromeDriver: chrome on windows (fc98eaa716dd89e18a080bc5a176adc3)] -> css selector: a], [[ChromeDriver: chrome on windows (fc98eaa716dd89e18a080bc5a176adc3)] -> css selector: a], [[ChromeDriver: chrome on windows (fc98eaa716dd89e18a080bc5a176adc3)] -> css selector: a], [[ChromeDriver: chrome on windows (fc98eaa716dd89e18a080bc5a176adc3)] -> css selector: a], [[ChromeDriver: chrome on windows (fc98eaa716dd89e18a080bc5a176adc3)] -> css selector: a], [[ChromeDriver: chrome on windows (fc98eaa716dd89e18a080bc5a176adc3)] -> css selector: a], [[ChromeDriver: chrome on windows (fc98eaa716dd89e18a080bc5a176adc3)] -> css selector: a], [[ChromeDriver: chrome on windows (fc98eaa716dd89e18a080bc5a176adc3)] -> css selector: a], [[ChromeDriver: chrome on windows (fc98eaa716dd89e18a080bc5a176adc3)] -> css selector: a], [[ChromeDriver: chrome on windows (fc98eaa716dd89e18a080bc5a176adc3)] -> css selector: a], [[ChromeDriver: chrome on windows (fc98eaa716dd89e18a080bc5a176adc3)] -> css selector: a], [[ChromeDriver: chrome on windows (fc98eaa716dd89e18a080bc5a176adc3)] -> css selector: a], [[ChromeDriver: chrome on windows (fc98eaa716dd89e18a080bc5a176adc3)] -> css selector: a], [[ChromeDriver: chrome on windows (fc98eaa716dd89e18a080bc5a176adc3)] -> css selector: a], [[ChromeDriver: chrome on windows (fc98eaa716dd89e18a080bc5a176adc3)] -> css selector: a], [[ChromeDriver: chrome on windows (fc98eaa716dd89e18a080bc5a176adc3)] -> css selector: a], [[ChromeDriver: chrome on windows (fc98eaa716dd89e18a080bc5a176adc3)] -> css selector: a], [[ChromeDriver: chrome on windows (fc98eaa716dd89e18a080bc5a176adc3)] -> css selector: a], [[ChromeDriver: chrome on windows (fc98eaa716dd89e18a080bc5a176adc3)] -> css selector: a], [[ChromeDriver: chrome on windows (fc98eaa716dd89e18a080bc5a176adc3)] -> css selector: a], [[ChromeDriver: chrome on windows (fc98eaa716dd89e18a080bc5a176adc3)] -> css selector: a], [[ChromeDriver: chrome on windows (fc98eaa716dd89e18a080bc5a176adc3)] -> css selector: a], [[ChromeDriver: chrome on windows (fc98eaa716dd89e18a080bc5a176adc3)] -> css selector: a], [[ChromeDriver: chrome on windows (fc98eaa716dd89e18a080bc5a176adc3)] -> css selector: a], [[ChromeDriver: chrome on windows (fc98eaa716dd89e18a080bc5a176adc3)] -> css selector: a], [[ChromeDriver: chrome on windows (fc98eaa716dd89e18a080bc5a176adc3)] -> css selector: a], [[ChromeDriver: chrome on windows (fc98eaa716dd89e18a080bc5a176adc3)] -> css selector: a], [[ChromeDriver: chrome on windows (fc98eaa716dd89e18a080bc5a176adc3)] -> css selector: a], [[ChromeDriver: chrome on windows (fc98eaa716dd89e18a080bc5a176adc3)] -> css selector: a], [[ChromeDriver: chrome on windows (fc98eaa716dd89e18a080bc5a176adc3)] -> css selector: a], [[ChromeDriver: chrome on windows (fc98eaa716dd89e18a080bc5a176adc3)] -> css selector: a], [[ChromeDriver: chrome on windows (fc98eaa716dd89e18a080bc5a176adc3)] -> css selector: a], [[ChromeDriver: chrome on windows (fc98eaa716dd89e18a080bc5a176adc3)] -> css selector: a], [[ChromeDriver: chrome on windows (fc98eaa716dd89e18a080bc5a176adc3)] -> css selector: a], [[ChromeDriver: chrome on windows (fc98eaa716dd89e18a080bc5a176adc3)] -> css selector: a], [[ChromeDriver: chrome on windows (fc98eaa716dd89e18a080bc5a176adc3)] -> css selector: a], [[ChromeDriver: chrome on windows (fc98eaa716dd89e18a080bc5a176adc3)] -> css selector: a], [[ChromeDriver: chrome on windows (fc98eaa716dd89e18a080bc5a176adc3)] -> css selector: a], [[ChromeDriver: chrome on windows (fc98eaa716dd89e18a080bc5a176adc3)] -> css selector: a], [[ChromeDriver: chrome on windows (fc98eaa716dd89e18a080bc5a176adc3)] -> css selector: a], [[ChromeDriver: chrome on windows (fc98eaa716dd89e18a080bc5a176adc3)] -> css selector: a], [[ChromeDriver: chrome on windows (fc98eaa716dd89e18a080bc5a176adc3)] -> css selector: a], [[ChromeDriver: chrome on windows (fc98eaa716dd89e18a080bc5a176adc3)] -> css selector: a], [[ChromeDriver: chrome on windows (fc98eaa716dd89e18a080bc5a176adc3)] -> css selector: a], [[ChromeDriver: chrome on windows (fc98eaa716dd89e18a080bc5a176adc3)] -> css selector: a], [[ChromeDriver: chrome on windows (fc98eaa716dd89e18a080bc5a176adc3)] -> css selector: a], [[ChromeDriver: chrome on windows (fc98eaa716dd89e18a080bc5a176adc3)] -> css selector: a], [[ChromeDriver: chrome on windows (fc98eaa716dd89e18a080bc5a176adc3)] -> css selector: a], [[ChromeDriver: chrome on windows (fc98eaa716dd89e18a080bc5a176adc3)] -> css selector: a], [[ChromeDriver: chrome on windows (fc98eaa716dd89e18a080bc5a176adc3)] -> css selector: a], [[ChromeDriver: chrome on windows (fc98eaa716dd89e18a080bc5a176adc3)] -> css selector: a], [[ChromeDriver: chrome on windows (fc98eaa716dd89e18a080bc5a176adc3)] -> css selector: a], [[ChromeDriver: chrome on windows (fc98eaa716dd89e18a080bc5a176adc3)] -> css selector: a], [[ChromeDriver: chrome on windows (fc98eaa716dd89e18a080bc5a176adc3)] -> css selector: a], [[ChromeDriver: chrome on windows (fc98eaa716dd89e18a080bc5a176adc3)] -> css selector: a], [[ChromeDriver: chrome on windows (fc98eaa716dd89e18a080bc5a176adc3)] -> css selector: a], [[ChromeDriver: chrome on windows (fc98eaa716dd89e18a080bc5a176adc3)] -> css selector: a], [[ChromeDriver: chrome on windows (fc98eaa716dd89e18a080bc5a176adc3)] -> css selector: a], [[ChromeDriver: chrome on windows (fc98eaa716dd89e18a080bc5a176adc3)] -> css selector: a], [[ChromeDriver: chrome on windows (fc98eaa716dd89e18a080bc5a176adc3)] -> css selector: a], [[ChromeDriver: chrome on windows (fc98eaa716dd89e18a080bc5a176adc3)] -> css selector: a], [[ChromeDriver: chrome on windows (fc98eaa716dd89e18a080bc5a176adc3)] -> css selector: a], [[ChromeDriver: chrome on windows (fc98eaa716dd89e18a080bc5a176adc3)] -> css selector: a], [[ChromeDriver: chrome on windows (fc98eaa716dd89e18a080bc5a176adc3)] -> css selector: a], [[ChromeDriver: chrome on windows (fc98eaa716dd89e18a080bc5a176adc3)] -> css selector: a], [[ChromeDriver: chrome on windows (fc98eaa716dd89e18a080bc5a176adc3)] -> css selector: a], [[ChromeDriver: chrome on windows (fc98eaa716dd89e18a080bc5a176adc3)] -> css selector: a], [[ChromeDriver: chrome on windows (fc98eaa716dd89e18a080bc5a176adc3)] -> css selector: a], [[ChromeDriver: chrome on windows (fc98eaa716dd89e18a080bc5a176adc3)] -> css selector: a], [[ChromeDriver: chrome on windows (fc98eaa716dd89e18a080bc5a176adc3)] -> css selector: a], [[ChromeDriver: chrome on windows (fc98eaa716dd89e18a080bc5a176adc3)] -> css selector: a], [[ChromeDriver: chrome on windows (fc98eaa716dd89e18a080bc5a176adc3)] -> css selector: a], [[ChromeDriver: chrome on windows (fc98eaa716dd89e18a080bc5a176adc3)] -> css selector: a], [[ChromeDriver: chrome on windows (fc98eaa716dd89e18a080bc5a176adc3)] -> css selector: a], [[ChromeDriver: chrome on windows (fc98eaa716dd89e18a080bc5a176adc3)] -> css selector: a], [[ChromeDriver: chrome on windows (fc98eaa716dd89e18a080bc5a176adc3)] -> css selector: a], [[ChromeDriver: chrome on windows (fc98eaa716dd89e18a080bc5a176adc3)] -> css selector: a], [[ChromeDriver: chrome on windows (fc98eaa716dd89e18a080bc5a176adc3)] -> css selector: a], [[ChromeDriver: chrome on windows (fc98eaa716dd89e18a080bc5a176adc3)] -> css selector: a], [[ChromeDriver: chrome on windows (fc98eaa716dd89e18a080bc5a176adc3)] -> css selector: a], [[ChromeDriver: chrome on windows (fc98eaa716dd89e18a080bc5a176adc3)] -> css selector: a], [[ChromeDriver: chrome on windows (fc98eaa716dd89e18a080bc5a176adc3)] -> css selector: a], [[ChromeDriver: chrome on windows (fc98eaa716dd89e18a080bc5a176adc3)] -> css selector: a], [[ChromeDriver: chrome on windows (fc98eaa716dd89e18a080bc5a176adc3)] -> css selector: a], [[ChromeDriver: chrome on windows (fc98eaa716dd89e18a080bc5a176adc3)] -> css selector: a], [[ChromeDriver: chrome on windows (fc98eaa716dd89e18a080bc5a176adc3)] -> css selector: a], [[ChromeDriver: chrome on windows (fc98eaa716dd89e18a080bc5a176adc3)] -> css selector: a], [[ChromeDriver: chrome on windows (fc98eaa716dd89e18a080bc5a176adc3)] -> css selector: a], [[ChromeDriver: chrome on windows (fc98eaa716dd89e18a080bc5a176adc3)] -> css selector: a], [[ChromeDriver: chrome on windows (fc98eaa716dd89e18a080bc5a176adc3)] -> css selector: a], [[ChromeDriver: chrome on windows (fc98eaa716dd89e18a080bc5a176adc3)] -> css selector: a], [[ChromeDriver: chrome on windows (fc98eaa716dd89e18a080bc5a176adc3)] -> css selector: a], [[ChromeDriver: chrome on windows (fc98eaa716dd89e18a080bc5a176adc3)] -> css selector: a], [[ChromeDriver: chrome on windows (fc98eaa716dd89e18a080bc5a176adc3)] -> css selector: a], [[ChromeDriver: chrome on windows (fc98eaa716dd89e18a080bc5a176adc3)] -> css selector: a], [[ChromeDriver: chrome on windows (fc98eaa716dd89e18a080bc5a176adc3)] -> css selector: a], [[ChromeDriver: chrome on windows (fc98eaa716dd89e18a080bc5a176adc3)] -> css selector: a], [[ChromeDriver: chrome on windows (fc98eaa716dd89e18a080bc5a176adc3)] -> css selector: a], [[ChromeDriver: chrome on windows (fc98eaa716dd89e18a080bc5a176adc3)] -> css selector: a], [[ChromeDriver: chrome on windows (fc98eaa716dd89e18a080bc5a176adc3)] -> css selector: a], [[ChromeDriver: chrome on windows (fc98eaa716dd89e18a080bc5a176adc3)] -> css selector: a], [[ChromeDriver: chrome on windows (fc98eaa716dd89e18a080bc5a176adc3)] -> css selector: a], [[ChromeDriver: chrome on windows (fc98eaa716dd89e18a080bc5a176adc3)] -> css selector: a], [[ChromeDriver: chrome on windows (fc98eaa716dd89e18a080bc5a176adc3)] -> css selector: a], [[ChromeDriver: chrome on windows (fc98eaa716dd89e18a080bc5a176adc3)] -> css selector: a], [[ChromeDriver: chrome on windows (fc98eaa716dd89e18a080bc5a176adc3)] -> css selector: a], [[ChromeDriver: chrome on windows (fc98eaa716dd89e18a080bc5a176adc3)] -> css selector: a], [[ChromeDriver: chrome on windows (fc98eaa716dd89e18a080bc5a176adc3)] -> css selector: a], [[ChromeDriver: chrome on windows (fc98eaa716dd89e18a080bc5a176adc3)] -> css selector: a], [[ChromeDriver: chrome on windows (fc98eaa716dd89e18a080bc5a176adc3)] -> css selector: a], [[ChromeDriver: chrome on windows (fc98eaa716dd89e18a080bc5a176adc3)] -> css selector: a], [[ChromeDriver: chrome on windows (fc98eaa716dd89e18a080bc5a176adc3)] -> css selector: a], [[ChromeDriver: chrome on windows (fc98eaa716dd89e18a080bc5a176adc3)] -> css selector: a], [[ChromeDriver: chrome on windows (fc98eaa716dd89e18a080bc5a176adc3)] -> css selector: a], [[ChromeDriver: chrome on windows (fc98eaa716dd89e18a080bc5a176adc3)] -> css selector: a], [[ChromeDriver: chrome on windows (fc98eaa716dd89e18a080bc5a176adc3)] -> css selector: a], [[ChromeDriver: chrome on windows (fc98eaa716dd89e18a080bc5a176adc3)] -> css selector: a], [[ChromeDriver: chrome on windows (fc98eaa716dd89e18a080bc5a176adc3)] -> css selector: a], [[ChromeDriver: chrome on windows (fc98eaa716dd89e18a080bc5a176adc3)] -> css selector: a], [[ChromeDriver: chrome on windows (fc98eaa716dd89e18a080bc5a176adc3)] -> css selector: a], [[ChromeDriver: chrome on windows (fc98eaa716dd89e18a080bc5a176adc3)] -> css selector: a], [[ChromeDriver: chrome on windows (fc98eaa716dd89e18a080bc5a176adc3)] -> css selector: a], [[ChromeDriver: chrome on windows (fc98eaa716dd89e18a080bc5a176adc3)] -> css selector: a], [[ChromeDriver: chrome on windows (fc98eaa716dd89e18a080bc5a176adc3)] -> css selector: a], [[ChromeDriver: chrome on windows (fc98eaa716dd89e18a080bc5a176adc3)] -> css selector: a], [[ChromeDriver: chrome on windows (fc98eaa716dd89e18a080bc5a176adc3)] -> css selector: a], [[ChromeDriver: chrome on windows (fc98eaa716dd89e18a080bc5a176adc3)] -> css selector: a], [[ChromeDriver: chrome on windows (fc98eaa716dd89e18a080bc5a176adc3)] -> css selector: a], [[ChromeDriver: chrome on windows (fc98eaa716dd89e18a080bc5a176adc3)] -> css selector: a], [[ChromeDriver: chrome on windows (fc98eaa716dd89e18a080bc5a176adc3)] -> css selector: a], [[ChromeDriver: chrome on windows (fc98eaa716dd89e18a080bc5a176adc3)] -> css selector: a], [[ChromeDriver: chrome on windows (fc98eaa716dd89e18a080bc5a176adc3)] -> css selector: a], [[ChromeDriver: chrome on windows (fc98eaa716dd89e18a080bc5a176adc3)] -> css selector: a], [[ChromeDriver: chrome on windows (fc98eaa716dd89e18a080bc5a176adc3)] -> css selector: a], [[ChromeDriver: chrome on windows (fc98eaa716dd89e18a080bc5a176adc3)] -> css selector: a], [[ChromeDriver: chrome on windows (fc98eaa716dd89e18a080bc5a176adc3)] -> css selector: a], [[ChromeDriver: chrome on windows (fc98eaa716dd89e18a080bc5a176adc3)] -> css selector: a], [[ChromeDriver: chrome on windows (fc98eaa716dd89e18a080bc5a176adc3)] -> css selector: a], [[ChromeDriver: chrome on windows (fc98eaa716dd89e18a080bc5a176adc3)] -> css selector: a], [[ChromeDriver: chrome on windows (fc98eaa716dd89e18a080bc5a176adc3)] -> css selector: a], [[ChromeDriver: chrome on windows (fc98eaa716dd89e18a080bc5a176adc3)] -> css selector: a], [[ChromeDriver: chrome on windows (fc98eaa716dd89e18a080bc5a176adc3)] -> css selector: a], [[ChromeDriver: chrome on windows (fc98eaa716dd89e18a080bc5a176adc3)] -> css selector: a], [[ChromeDriver: chrome on windows (fc98eaa716dd89e18a080bc5a176adc3)] -> css selector: a], [[ChromeDriver: chrome on windows (fc98eaa716dd89e18a080bc5a176adc3)] -> css selector: a], [[ChromeDriver: chrome on windows (fc98eaa716dd89e18a080bc5a176adc3)] -> css selector: a], [[ChromeDriver: chrome on windows (fc98eaa716dd89e18a080bc5a176adc3)] -> css selector: a], [[ChromeDriver: chrome on windows (fc98eaa716dd89e18a080bc5a176adc3)] -> css selector: a], [[ChromeDriver: chrome on windows (fc98eaa716dd89e18a080bc5a176adc3)] -> css selector: a], [[ChromeDriver: chrome on windows (fc98eaa716dd89e18a080bc5a176adc3)] -> css selector: a], [[ChromeDriver: chrome on windows (fc98eaa716dd89e18a080bc5a176adc3)] -> css selector: a], [[ChromeDriver: chrome on windows (fc98eaa716dd89e18a080bc5a176adc3)] -> css selector: a], [[ChromeDriver: chrome on windows (fc98eaa716dd89e18a080bc5a176adc3)] -> css selector: a], [[ChromeDriver: chrome on windows (fc98eaa716dd89e18a080bc5a176adc3)] -> css selector: a], [[ChromeDriver: chrome on windows (fc98eaa716dd89e18a080bc5a176adc3)] -> css selector: a], [[ChromeDriver: chrome on windows (fc98eaa716dd89e18a080bc5a176adc3)] -> css selector: a], [[ChromeDriver: chrome on windows (fc98eaa716dd89e18a080bc5a176adc3)] -> css selector: a], [[ChromeDriver: chrome on windows (fc98eaa716dd89e18a080bc5a176adc3)] -> css selector: a], [[ChromeDriver: chrome on windows (fc98eaa716dd89e18a080bc5a176adc3)] -> css selector: a], [[ChromeDriver: chrome on windows (fc98eaa716dd89e18a080bc5a176adc3)] -> css selector: a], [[ChromeDriver: chrome on windows (fc98eaa716dd89e18a080bc5a176adc3)] -> css selector: a], [[ChromeDriver: chrome on windows (fc98eaa716dd89e18a080bc5a176adc3)] -> css selector: a], [[ChromeDriver: chrome on windows (fc98eaa716dd89e18a080bc5a176adc3)] -> css selector: a], [[ChromeDriver: chrome on windows (fc98eaa716dd89e18a080bc5a176adc3)] -> css selector: a], [[ChromeDriver: chrome on windows (fc98eaa716dd89e18a080bc5a176adc3)] -> css selector: a], [[ChromeDriver: chrome on windows (fc98eaa716dd89e18a080bc5a176adc3)] -> css selector: a], [[ChromeDriver: chrome on windows (fc98eaa716dd89e18a080bc5a176adc3)] -> css selector: a], [[ChromeDriver: chrome on windows (fc98eaa716dd89e18a080bc5a176adc3)] -> css selector: a], [[ChromeDriver: chrome on windows (fc98eaa716dd89e18a080bc5a176adc3)] -> css selector: a], [[ChromeDriver: chrome on windows (fc98eaa716dd89e18a080bc5a176adc3)] -> css selector: a], [[ChromeDriver: chrome on windows (fc98eaa716dd89e18a080bc5a176adc3)] -> css selector: a], [[ChromeDriver: chrome on windows (fc98eaa716dd89e18a080bc5a176adc3)] -> css selector: a], [[ChromeDriver: chrome on windows (fc98eaa716dd89e18a080bc5a176adc3)] -> css selector: a], [[ChromeDriver: chrome on windows (fc98eaa716dd89e18a080bc5a176adc3)] -> css selector: a], [[ChromeDriver: chrome on windows (fc98eaa716dd89e18a080bc5a176adc3)] -> css selector: a], [[ChromeDriver: chrome on windows (fc98eaa716dd89e18a080bc5a176adc3)] -> css selector: a], [[ChromeDriver: chrome on windows (fc98eaa716dd89e18a080bc5a176adc3)] -> css selector: a], [[ChromeDriver: chrome on windows (fc98eaa716dd89e18a080bc5a176adc3)] -> css selector: a], [[ChromeDriver: chrome on windows (fc98eaa716dd89e18a080bc5a176adc3)] -> css selector: a], [[ChromeDriver: chrome on windows (fc98eaa716dd89e18a080bc5a176adc3)] -> css selector: a], [[ChromeDriver: chrome on windows (fc98eaa716dd89e18a080bc5a176adc3)] -> css selector: a], [[ChromeDriver: chrome on windows (fc98eaa716dd89e18a080bc5a176adc3)] -> css selector: a], [[ChromeDriver: chrome on windows (fc98eaa716dd89e18a080bc5a176adc3)] -> css selector: a], [[ChromeDriver: chrome on windows (fc98eaa716dd89e18a080bc5a176adc3)] -> css selector: a], [[ChromeDriver: chrome on windows (fc98eaa716dd89e18a080bc5a176adc3)] -> css selector: a], [[ChromeDriver: chrome on windows (fc98eaa716dd89e18a080bc5a176adc3)] -> css selector: a], [[ChromeDriver: chrome on windows (fc98eaa716dd89e18a080bc5a176adc3)] -> css selector: a], [[ChromeDriver: chrome on windows (fc98eaa716dd89e18a080bc5a176adc3)] -> css selector: a], [[ChromeDriver: chrome on windows (fc98eaa716dd89e18a080bc5a176adc3)] -> css selector: a], [[ChromeDriver: chrome on windows (fc98eaa716dd89e18a080bc5a176adc3)] -> css selector: a], [[ChromeDriver: chrome on windows (fc98eaa716dd89e18a080bc5a176adc3)] -> css selector: a], [[ChromeDriver: chrome on windows (fc98eaa716dd89e18a080bc5a176adc3)] -> css selector: a], [[ChromeDriver: chrome on windows (fc98eaa716dd89e18a080bc5a176adc3)] -> css selector: a], [[ChromeDriver: chrome on windows (fc98eaa716dd89e18a080bc5a176adc3)] -> css selector: a], [[ChromeDriver: chrome on windows (fc98eaa716dd89e18a080bc5a176adc3)] -> css selector: a], [[ChromeDriver: chrome on windows (fc98eaa716dd89e18a080bc5a176adc3)] -> css selector: a], [[ChromeDriver: chrome on windows (fc98eaa716dd89e18a080bc5a176adc3)] -> css selector: a], [[ChromeDriver: chrome on windows (fc98eaa716dd89e18a080bc5a176adc3)] -> css selector: a], [[ChromeDriver: chrome on windows (fc98eaa716dd89e18a080bc5a176adc3)] -> css selector: a], [[ChromeDriver: chrome on windows (fc98eaa716dd89e18a080bc5a176adc3)] -> css selector: a], [[ChromeDriver: chrome on windows (fc98eaa716dd89e18a080bc5a176adc3)] -> css selector: a], [[ChromeDriver: chrome on windows (fc98eaa716dd89e18a080bc5a176adc3)] -> css selector: a], [[ChromeDriver: chrome on windows (fc98eaa716dd89e18a080bc5a176adc3)] -> css selector: a], [[ChromeDriver: chrome on windows (fc98eaa716dd89e18a080bc5a176adc3)] -> css selector: a], [[ChromeDriver: chrome on windows (fc98eaa716dd89e18a080bc5a176adc3)] -> css selector: a], [[ChromeDriver: chrome on windows (fc98eaa716dd89e18a080bc5a176adc3)] -> css selector: a], [[ChromeDriver: chrome on windows (fc98eaa716dd89e18a080bc5a176adc3)] -> css selector: a], [[ChromeDriver: chrome on windows (fc98eaa716dd89e18a080bc5a176adc3)] -> css selector: a], [[ChromeDriver: chrome on windows (fc98eaa716dd89e18a080bc5a176adc3)] -> css selector: a], [[ChromeDriver: chrome on windows (fc98eaa716dd89e18a080bc5a176adc3)] -> css selector: a], [[ChromeDriver: chrome on windows (fc98eaa716dd89e18a080bc5a176adc3)] -> css selector: a], [[ChromeDriver: chrome on windows (fc98eaa716dd89e18a080bc5a176adc3)] -> css selector: a], [[ChromeDriver: chrome on windows (fc98eaa716dd89e18a080bc5a176adc3)] -> css selector: a], [[ChromeDriver: chrome on windows (fc98eaa716dd89e18a080bc5a176adc3)] -> css selector: a], [[ChromeDriver: chrome on windows (fc98eaa716dd89e18a080bc5a176adc3)] -> css selector: a], [[ChromeDriver: chrome on windows (fc98eaa716dd89e18a080bc5a176adc3)] -> css selector: a], [[ChromeDriver: chrome on windows (fc98eaa716dd89e18a080bc5a176adc3)] -> css selector: a], [[ChromeDriver: chrome on windows (fc98eaa716dd89e18a080bc5a176adc3)] -> css selector: a], [[ChromeDriver: chrome on windows (fc98eaa716dd89e18a080bc5a176adc3)] -> css selector: a], [[ChromeDriver: chrome on windows (fc98eaa716dd89e18a080bc5a176adc3)] -> css selector: a], [[ChromeDriver: chrome on windows (fc98eaa716dd89e18a080bc5a176adc3)] -> css selector: a], [[ChromeDriver: chrome on windows (fc98eaa716dd89e18a080bc5a176adc3)] -> css selector: a], [[ChromeDriver: chrome on windows (fc98eaa716dd89e18a080bc5a176adc3)] -> css selector: a], [[ChromeDriver: chrome on windows (fc98eaa716dd89e18a080bc5a176adc3)] -> css selector: a], [[ChromeDriver: chrome on windows (fc98eaa716dd89e18a080bc5a176adc3)] -> css selector: a], [[ChromeDriver: chrome on windows (fc98eaa716dd89e18a080bc5a176adc3)] -> css selector: a], [[ChromeDriver: chrome on windows (fc98eaa716dd89e18a080bc5a176adc3)] -> css selector: a], [[ChromeDriver: chrome on windows (fc98eaa716dd89e18a080bc5a176adc3)] -> css selector: a], [[ChromeDriver: chrome on windows (fc98eaa716dd89e18a080bc5a176adc3)] -> css selector: a], [[ChromeDriver: chrome on windows (fc98eaa716dd89e18a080bc5a176adc3)] -> css selector: a], [[ChromeDriver: chrome on windows (fc98eaa716dd89e18a080bc5a176adc3)] -> css selector: a], [[ChromeDriver: chrome on windows (fc98eaa716dd89e18a080bc5a176adc3)] -> css selector: a], [[ChromeDriver: chrome on windows (fc98eaa716dd89e18a080bc5a176adc3)] -> css selector: a], [[ChromeDriver: chrome on windows (fc98eaa716dd89e18a080bc5a176adc3)] -> css selector: a], [[ChromeDriver: chrome on windows (fc98eaa716dd89e18a080bc5a176adc3)] -> css selector: a], [[ChromeDriver: chrome on windows (fc98eaa716dd89e18a080bc5a176adc3)] -> css selector: a], [[ChromeDriver: chrome on windows (fc98eaa716dd89e18a080bc5a176adc3)] -> css selector: a], [[ChromeDriver: chrome on windows (fc98eaa716dd89e18a080bc5a176adc3)] -> css selector: a], [[ChromeDriver: chrome on windows (fc98eaa716dd89e18a080bc5a176adc3)] -> css selector: a], [[ChromeDriver: chrome on windows (fc98eaa716dd89e18a080bc5a176adc3)] -> css selector: a], [[ChromeDriver: chrome on windows (fc98eaa716dd89e18a080bc5a176adc3)] -> css selector: a], [[ChromeDriver: chrome on windows (fc98eaa716dd89e18a080bc5a176adc3)] -> css selector: a], [[ChromeDriver: chrome on windows (fc98eaa716dd89e18a080bc5a176adc3)] -> css selector: a], [[ChromeDriver: chrome on windows (fc98eaa716dd89e18a080bc5a176adc3)] -> css selector: a], [[ChromeDriver: chrome on windows (fc98eaa716dd89e18a080bc5a176adc3)] -> css selector: a], [[ChromeDriver: chrome on windows (fc98eaa716dd89e18a080bc5a176adc3)] -> css selector: a], [[ChromeDriver: chrome on windows (fc98eaa716dd89e18a080bc5a176adc3)] -> css selector: a], [[ChromeDriver: chrome on windows (fc98eaa716dd89e18a080bc5a176adc3)] -> css selector: a], [[ChromeDriver: chrome on windows (fc98eaa716dd89e18a080bc5a176adc3)] -> css selector: a]] (tried for 10 second(s) with 500 milliseconds interval)
Build info: version: '4.18.1', revision: 'b1d3319b48'
System info: os.name: 'Windows 11', os.arch: 'amd64', os.version: '10.0', java.version: '17.0.9'
Driver info: org.openqa.selenium.chrome.ChromeDriver
Capabilities {acceptInsecureCerts: false, browserName: chrome, browserVersion: 123.0.6312.106, chrome: {chromedriverVersion: 123.0.6312.122 (31f8248cdd9..., userDataDir: C:\Users\PUSHPE~1\AppData\L...}, fedcm:accounts: true, goog:chromeOptions: {debuggerAddress: localhost:51770}, networkConnectionEnabled: false, pageLoadStrategy: normal, platformName: windows, proxy: Proxy(), se:cdp: ws://localhost:51770/devtoo..., se:cdpVersion: 123.0.6312.106, setWindowRect: true, strictFileInteractability: false, timeouts: {implicit: 0, pageLoad: 300000, script: 30000}, unhandledPromptBehavior: dismiss and notify, webauthn:extension:credBlob: true, webauthn:extension:largeBlob: true, webauthn:extension:minPinLength: true, webauthn:extension:prf: true, webauthn:virtualAuthenticators: true}
Session ID: fc98eaa716dd89e18a080bc5a176adc3
at org.openqa.selenium.support.ui.WebDriverWait.timeoutException(WebDriverWait.java:84)
at org.openqa.selenium.support.ui.FluentWait.until(FluentWait.java:228)
at Flipkart.flipkart.Link_Retrival$FlipkartLinks.findingAllTheAvailableLinks(Link_Retrival.java:35)
at java.base/jdk.internal.reflect.NativeMethodAccessorImpl.invoke0(Native Method)
at java.base/jdk.internal.reflect.NativeMethodAccessorImpl.invoke(NativeMethodAccessorImpl.java:77)
at java.base/jdk.internal.reflect.DelegatingMethodAccessorImpl.invoke(DelegatingMethodAccessorImpl.java:43)
at java.base/java.lang.reflect.Method.invoke(Method.java:568)
at org.testng.internal.invokers.MethodInvocationHelper.invokeMethod(MethodInvocationHelper.java:139)
at org.testng.internal.invokers.TestInvoker.invokeMethod(TestInvoker.java:664)
at org.testng.internal.invokers.TestInvoker.invokeTestMethod(TestInvoker.java:228)
at org.testng.internal.invokers.MethodRunner.runInSequence(MethodRunner.java:63)
at org.testng.internal.invokers.TestInvoker$MethodInvocationAgent.invoke(TestInvoker.java:961)
at org.testng.internal.invokers.TestInvoker.invokeTestMethods(TestInvoker.java:201)
at org.testng.internal.invokers.TestMethodWorker.invokeTestMethods(TestMethodWorker.java:148)
at org.testng.internal.invokers.TestMethodWorker.run(TestMethodWorker.java:128)
at java.base/java.util.ArrayList.forEach(ArrayList.java:1511)
at org.testng.TestRunner.privateRun(TestRunner.java:819)
at org.testng.TestRunner.run(TestRunner.java:619)
at org.testng.SuiteRunner.runTest(SuiteRunner.java:443)
at org.testng.SuiteRunner.runSequentially(SuiteRunner.java:437)
at org.testng.SuiteRunner.privateRun(SuiteRunner.java:397)
at org.testng.SuiteRunner.run(SuiteRunner.java:336)
at org.testng.SuiteRunnerWorker.runSuite(SuiteRunnerWorker.java:52)
at org.testng.SuiteRunnerWorker.run(SuiteRunnerWorker.java:95)
at org.testng.TestNG.runSuitesSequentially(TestNG.java:1301)
at org.testng.TestNG.runSuitesLocally(TestNG.java:1228)
at org.testng.TestNG.runSuites(TestNG.java:1134)
at org.testng.TestNG.run(TestNG.java:1101)
at org.testng.remote.AbstractRemoteTestNG.run(AbstractRemoteTestNG.java:115)
at org.testng.remote.RemoteTestNG.initAndRun(RemoteTestNG.java:251)
at org.testng.remote.RemoteTestNG.main(RemoteTestNG.java:77)
]]>
            </full-stacktrace>
          </exception> <!-- org.openqa.selenium.TimeoutException -->
          <reporter-output>
          </reporter-output>
        </test-method> <!-- findingAllTheAvailableLinks -->
        <test-method signature="findingAllTheAvailableLinksByParallelStream()[pri:0, instance:Flipkart.flipkart.Link_Retrival$FlipkartLinks@5d0bf09b]" started-at="2024-04-15T17:43:23 IST" name="findingAllTheAvailableLinksByParallelStream" finished-at="2024-04-15T17:43:26 IST" duration-ms="2685" status="PASS">
          <reporter-output>
          </reporter-output>
        </test-method> <!-- findingAllTheAvailableLinksByParallelStream -->
        <test-method signature="findingAllTheAvailableLinksByStream()[pri:0, instance:Flipkart.flipkart.Link_Retrival$FlipkartLinks@5d0bf09b]" started-at="2024-04-15T17:43:26 IST" name="findingAllTheAvailableLinksByStream" finished-at="2024-04-15T17:43:29 IST" duration-ms="3027" status="PASS">
          <reporter-output>
          </reporter-output>
        </test-method> <!-- findingAllTheAvailableLinksByStream -->
        <test-method is-config="true" signature="tearDown()[pri:0, instance:Flipkart.flipkart.Link_Retrival$FlipkartLinks@5d0bf09b]" started-at="2024-04-15T17:43:29 IST" name="tearDown" finished-at="2024-04-15T17:43:29 IST" duration-ms="259" status="PASS">
          <reporter-output>
          </reporter-output>
        </test-method> <!-- tearDown -->
      </class> <!-- Flipkart.flipkart.Link_Retrival$FlipkartLinks -->
    </test> <!-- Default test -->
  </suite> <!-- Default suite -->
</testng-results>
